Running in Lattice mode

Starting:    C:\lscc\iCEcube2.2020.12\synpbase\bin64\mbin\synplify.exe
Install:     C:\lscc\iCEcube2.2020.12\synpbase
Hostname:    DESKTOP-6HK8KO8
Date:        Thu Oct 27 19:31:18 2022
Version:     L-2016.09L+ice40

Arguments:   -product synplify_pro GateLevelGreaterThan_syn.prj
ProductType: synplify_pro




log file: "C:\Users\kolel\OneDrive\Lattice FPGA\GateLevelGreaterThan\GateLevelGreaterThan_Implmnt\GateLevelGreaterThan.srr"
Running: GateLevelGreaterThan_Implmnt in foreground

Running GateLevelGreaterThan_syn|GateLevelGreaterThan_Implmnt

Running: compile (Compile) on GateLevelGreaterThan_syn|GateLevelGreaterThan_Implmnt
# Thu Oct 27 19:31:18 2022

Running: compile_flow (Compile Process) on GateLevelGreaterThan_syn|GateLevelGreaterThan_Implmnt
# Thu Oct 27 19:31:18 2022

Running: compiler (Compile Input) on GateLevelGreaterThan_syn|GateLevelGreaterThan_Implmnt
# Thu Oct 27 19:31:18 2022
Copied C:\Users\kolel\OneDrive\Lattice FPGA\GateLevelGreaterThan\GateLevelGreaterThan_Implmnt\synwork\GateLevelGreaterThan_comp.srs to C:\Users\kolel\OneDrive\Lattice FPGA\GateLevelGreaterThan\GateLevelGreaterThan_Implmnt\GateLevelGreaterThan.srs

compiler completed
# Thu Oct 27 19:31:19 2022

Return Code: 0
Run Time:00h:00m:01s

Running: multi_srs_gen (Multi-srs Generator) on GateLevelGreaterThan_syn|GateLevelGreaterThan_Implmnt
# Thu Oct 27 19:31:19 2022

multi_srs_gen completed
# Thu Oct 27 19:31:19 2022

Return Code: 0
Run Time:00h:00m:00s
Copied C:\Users\kolel\OneDrive\Lattice FPGA\GateLevelGreaterThan\GateLevelGreaterThan_Implmnt\synwork\GateLevelGreaterThan_mult.srs to C:\Users\kolel\OneDrive\Lattice FPGA\GateLevelGreaterThan\GateLevelGreaterThan_Implmnt\GateLevelGreaterThan.srs
Complete: Compile Process on GateLevelGreaterThan_syn|GateLevelGreaterThan_Implmnt

Running: premap (Pre-mapping) on GateLevelGreaterThan_syn|GateLevelGreaterThan_Implmnt
# Thu Oct 27 19:31:19 2022

premap completed
# Thu Oct 27 19:31:20 2022

Return Code: 0
Run Time:00h:00m:01s
Complete: Compile on GateLevelGreaterThan_syn|GateLevelGreaterThan_Implmnt

Running: map (Map) on GateLevelGreaterThan_syn|GateLevelGreaterThan_Implmnt
# Thu Oct 27 19:31:20 2022

Running: fpga_mapper (Map & Optimize) on GateLevelGreaterThan_syn|GateLevelGreaterThan_Implmnt
# Thu Oct 27 19:31:20 2022
Copied C:\Users\kolel\OneDrive\Lattice FPGA\GateLevelGreaterThan\GateLevelGreaterThan_Implmnt\synwork\GateLevelGreaterThan_m.srm to C:\Users\kolel\OneDrive\Lattice FPGA\GateLevelGreaterThan\GateLevelGreaterThan_Implmnt\GateLevelGreaterThan.srm

fpga_mapper completed with warnings
# Thu Oct 27 19:31:21 2022

Return Code: 1
Run Time:00h:00m:01s
Complete: Map on GateLevelGreaterThan_syn|GateLevelGreaterThan_Implmnt
Complete: Logic Synthesis on GateLevelGreaterThan_syn|GateLevelGreaterThan_Implmnt
New HDL Analyst: enabled
exit status=0
